


ARM Macro Assembler    Page 1 


    1 00000000                 AREA             RESET, DATA, READONLY
    2 00000000                 EXPORT           __Vectors
    3 00000000         __Vectors
    4 00000000 10001800        DCD              0x10001800  ; Dirección de inic
                                                            io del stack
    5 00000004 00000000        DCD              Reset_Handler ; Vector de reset
                                                            
    6 00000008         
    7 00000008                 ALIGN
    8 00000008                 AREA             MI_PROGRAMA, CODE, READONLY
    9 00000000                 EXPORT           Reset_Handler
   10 00000000         Reset_Handler
   11 00000000 4807            LDR              R0, =0x10000000
   12 00000002 2500            MOVS             R5,#0       ; PONEMOS A 0 ESE R
                                                            EGISTRO
   13 00000004 5F41            LDRSH            R1,[R0,R5]
   14 00000006 3004            ADDS             R0,#4
   15 00000008 5F42            LDRSH            R2,[R0,R5]
   16 0000000A 1A0B            SUBS             R3,R1,R0
   17 0000000C 085B            LSRS             R3,#1
   18 0000000E 000C            MOVS             R4,R1
   19 00000010 4354            MULS             R4,R2,R4
   20 00000012 08A4            LSRS             R4,#2
   21 00000014 300C            ADDS             R0,#12
   22 00000016 6003            STR              R3, [R0]
   23 00000018 3004            ADDS             R0, #4
   24 0000001A 6004            STR              R4,[R0]
   25 0000001C         
   26 0000001C         forever
   27 0000001C E7FE            B                forever
   28 0000001E         
   29 0000001E                 END
              00 00 10000000 
Command Line: --debug --xref --diag_suppress=9931 --cpu=Cortex-M0 --apcs=interw
ork --depend=.\build\asm.d -o.\build\asm.o --predefine="__EVAL SETA 1" --predef
ine="__UVISION_VERSION SETA 524" --list=.\listings\asm.lst asm.s



ARM Macro Assembler    Page 1 Alphabetic symbol ordering
Relocatable symbols

RESET 00000000

Symbol: RESET
   Definitions
      At line 1 in file asm.s
   Uses
      None
Comment: RESET unused
__Vectors 00000000

Symbol: __Vectors
   Definitions
      At line 3 in file asm.s
   Uses
      At line 2 in file asm.s
Comment: __Vectors used once
2 symbols



ARM Macro Assembler    Page 1 Alphabetic symbol ordering
Relocatable symbols

MI_PROGRAMA 00000000

Symbol: MI_PROGRAMA
   Definitions
      At line 8 in file asm.s
   Uses
      None
Comment: MI_PROGRAMA unused
Reset_Handler 00000000

Symbol: Reset_Handler
   Definitions
      At line 10 in file asm.s
   Uses
      At line 5 in file asm.s
      At line 9 in file asm.s

forever 0000001C

Symbol: forever
   Definitions
      At line 26 in file asm.s
   Uses
      At line 27 in file asm.s
Comment: forever used once
3 symbols
339 symbols in table
