


ARM Macro Assembler    Page 1 


    1 00000000                 AREA             RESET, DATA, READONLY
    2 00000000                 EXPORT           __Vectors
    3 00000000         __Vectors
    4 00000000 10001800        DCD              0x10001800  ; Dirección de inic
                                                            io del stack
    5 00000004 00000000        DCD              Reset_Handler ; Vector de reset
                                                            
    6 00000008         
    7 00000008                 ALIGN
    8 00000008                 AREA             MI_PROGRAMA, CODE, READONLY
    9 00000000                 EXPORT           Reset_Handler
   10 00000000         Reset_Handler
   11 00000000 4803            LDR              R0, =0x10000000
   12 00000002 4904            LDR              R1, =0x10000004
   13 00000004 4A04            LDR              R2, =0x10000010
   14 00000006         
   15 00000006 6803            LDR              R3, [R0]
   16 00000008 680C            LDR              R4, [R1]
   17 0000000A 191D            ADDS             R5, R3, R4
   18 0000000C 6015            STR              R5, [R2]
   19 0000000E         forever
   20 0000000E E7FE            B                forever
   21 00000010         
   22 00000010                 END
              10000000 
              10000004 
              10000010 
Command Line: --debug --xref --diag_suppress=9931 --cpu=Cortex-M0 --apcs=interw
ork --depend=.\build\asm.d -o.\build\asm.o --predefine="__EVAL SETA 1" --predef
ine="__UVISION_VERSION SETA 524" --list=.\listings\asm.lst asm.s



ARM Macro Assembler    Page 1 Alphabetic symbol ordering
Relocatable symbols

RESET 00000000

Symbol: RESET
   Definitions
      At line 1 in file asm.s
   Uses
      None
Comment: RESET unused
__Vectors 00000000

Symbol: __Vectors
   Definitions
      At line 3 in file asm.s
   Uses
      At line 2 in file asm.s
Comment: __Vectors used once
2 symbols



ARM Macro Assembler    Page 1 Alphabetic symbol ordering
Relocatable symbols

MI_PROGRAMA 00000000

Symbol: MI_PROGRAMA
   Definitions
      At line 8 in file asm.s
   Uses
      None
Comment: MI_PROGRAMA unused
Reset_Handler 00000000

Symbol: Reset_Handler
   Definitions
      At line 10 in file asm.s
   Uses
      At line 5 in file asm.s
      At line 9 in file asm.s

forever 0000000E

Symbol: forever
   Definitions
      At line 19 in file asm.s
   Uses
      At line 20 in file asm.s
Comment: forever used once
3 symbols
339 symbols in table
